#
# There is insufficient memory for the Java Runtime Environment to continue.
# Native memory allocation (mmap) failed to map 268435456 bytes for G1 virtual space
# Possible reasons:
#   The system is out of physical RAM or swap space
#   The process is running with CompressedOops enabled, and the Java Heap may be blocking the growth of the native heap
# Possible solutions:
#   Reduce memory load on the system
#   Increase physical memory or swap space
#   Check if swap backing store is full
#   Decrease Java heap size (-Xmx/-Xms)
#   Decrease number of Java threads
#   Decrease Java thread stack sizes (-Xss)
#   Set larger code cache with -XX:ReservedCodeCacheSize=
#   JVM is running with Zero Based Compressed Oops mode in which the Java heap is
#     placed in the first 32GB address space. The Java Heap base address is the
#     maximum limit for the native heap growth. Please use -XX:HeapBaseMinAddress
#     to set the Java Heap base and to place the Java Heap above 32GB virtual address.
# This output file may be truncated or incomplete.
#
#  Out of Memory Error (os_windows.cpp:3536), pid=24372, tid=16244
#
# JRE version:  (19.0.2+7) (build )
# Java VM: Java HotSpot(TM) 64-Bit Server VM (19.0.2+7-44, mixed mode, sharing, tiered, compressed oops, compressed class ptrs, g1 gc, windows-amd64)
# No core dump will be written. Minidumps are not enabled by default on client versions of Windows
#

---------------  S U M M A R Y ------------

Command Line: -Dfile.encoding=UTF-8 --module-path=C:\Users\Det-Pc\Documents\JavaEjer\Algoritmo\build\classes algoritmo.Principal

Host: Intel(R) Core(TM) i7-10750H CPU @ 2.60GHz, 12 cores, 15G,  Windows 11 , 64 bit Build 22621 (10.0.22621.3672)
Time: Thu Jul 25 12:08:30 2024 Hora est. Pacífico, Sudamérica elapsed time: 0.008706 seconds (0d 0h 0m 0s)

---------------  T H R E A D  ---------------

Current thread (0x000001889a2c8210):  JavaThread "Unknown thread" [_thread_in_vm, id=16244, stack(0x000000191d100000,0x000000191d200000)]

Stack: [0x000000191d100000,0x000000191d200000]
Native frames: (J=compiled Java code, j=interpreted, Vv=VM code, C=native code)
V  [jvm.dll+0x6ee21a]
V  [jvm.dll+0x85765e]
V  [jvm.dll+0x85904e]
V  [jvm.dll+0x859703]
V  [jvm.dll+0x28298f]
V  [jvm.dll+0x6eb009]
V  [jvm.dll+0x6dfbaa]
V  [jvm.dll+0x3573f6]
V  [jvm.dll+0x35ee56]
V  [jvm.dll+0x3b541e]
V  [jvm.dll+0x3b564f]
V  [jvm.dll+0x32c9ea]
V  [jvm.dll+0x32d89e]
V  [jvm.dll+0x821780]
V  [jvm.dll+0x3c2661]
V  [jvm.dll+0x801f51]
V  [jvm.dll+0x44ae8f]
V  [jvm.dll+0x44c811]
C  [jli.dll+0x5287]
C  [ucrtbase.dll+0x29333]
C  [KERNEL32.DLL+0x1257d]
C  [ntdll.dll+0x5af28]


---------------  P R O C E S S  ---------------

Threads class SMR info:
_java_thread_list=0x00007ff9945cd048, length=0, elements={
}

Java Threads: ( => current thread )

Other Threads:
  0x000001889a33b9f0 WorkerThread "GC Thread#0" [stack: 0x000000191d200000,0x000000191d300000] [id=4068]
  0x000001889a34c960 ConcurrentGCThread "G1 Main Marker" [stack: 0x000000191d300000,0x000000191d400000] [id=15732]
  0x000001889a34da40 WorkerThread "G1 Conc#0" [stack: 0x000000191d400000,0x000000191d500000] [id=9812]

[error occurred during error reporting (printing all threads), id 0xc0000005, EXCEPTION_ACCESS_VIOLATION (0xc0000005) at pc=0x00007ff993d8d427]

VM state: not at safepoint (not fully initialized)

VM Mutex/Monitor currently owned by a thread:  ([mutex/lock_event])
[0x000001889a20b4a0] Heap_lock - owner thread: 0x000001889a2c8210

Heap address: 0x0000000701600000, size: 4074 MB, Compressed Oops mode: Zero based, Oop shift amount: 3

CDS archive(s) mapped at: [0x0000000000000000-0x0000000000000000-0x0000000000000000), size 0, SharedBaseAddress: 0x0000000800000000, ArchiveRelocationMode: 0.
Narrow klass base: 0x0000000000000000, Narrow klass shift: 0, Narrow klass range: 0x0

GC Precious Log:
 CardTable entry size: 512
 Card Set container configuration: InlinePtr #cards 4 size 8 Array Of Cards #cards 16 size 48 Howl #buckets 8 coarsen threshold 3686 Howl Bitmap #cards 512 size 80 coarsen threshold 460 Card regions per heap region 1 cards per card region 4096

Heap:
 garbage-first heap   total 0K, used 0K [0x0000000701600000, 0x0000000800000000)
  region size 2048K, 0 young (0K), 0 survivors (0K)

[error occurred during error reporting (printing heap information), id 0xc0000005, EXCEPTION_ACCESS_VIOLATION (0xc0000005) at pc=0x00007ff994196649]

GC Heap History (0 events):
No events

Dll operation events (1 events):
Event: 0.005 Loaded shared library C:\Program Files\Java\jdk-19\bin\java.dll

Deoptimization events (0 events):
No events

Classes loaded (0 events):
No events

Classes unloaded (0 events):
No events

Classes redefined (0 events):
No events

Internal exceptions (0 events):
No events

VM Operations (0 events):
No events

Events (0 events):
No events


Dynamic libraries:
0x00007ff62ea00000 - 0x00007ff62ea10000 	C:\Program Files\Java\jdk-19\bin\java.exe
0x00007ff9f8d10000 - 0x00007ff9f8f27000 	C:\WINDOWS\SYSTEM32\ntdll.dll
0x00007ff9c2ed0000 - 0x00007ff9c2eea000 	C:\Program Files\AVG\Antivirus\aswhook.dll
0x00007ff9f76e0000 - 0x00007ff9f77a4000 	C:\WINDOWS\System32\KERNEL32.DLL
0x00007ff9f6120000 - 0x00007ff9f64cd000 	C:\WINDOWS\System32\KERNELBASE.dll
0x00007ff9f6570000 - 0x00007ff9f6681000 	C:\WINDOWS\System32\ucrtbase.dll
0x00007ff9f1880000 - 0x00007ff9f189b000 	C:\Program Files\Java\jdk-19\bin\VCRUNTIME140.dll
0x00007ff9f1860000 - 0x00007ff9f1878000 	C:\Program Files\Java\jdk-19\bin\jli.dll
0x00007ff9f6a60000 - 0x00007ff9f6b12000 	C:\WINDOWS\System32\ADVAPI32.dll
0x00007ff9f7b50000 - 0x00007ff9f7bf7000 	C:\WINDOWS\System32\msvcrt.dll
0x00007ff9f77b0000 - 0x00007ff9f7859000 	C:\WINDOWS\System32\sechost.dll
0x00007ff9f60f0000 - 0x00007ff9f6118000 	C:\WINDOWS\System32\bcrypt.dll
0x00007ff9f6cc0000 - 0x00007ff9f6dd4000 	C:\WINDOWS\System32\RPCRT4.dll
0x00007ff9f8200000 - 0x00007ff9f83ae000 	C:\WINDOWS\System32\USER32.dll
0x00007ff9f6040000 - 0x00007ff9f6066000 	C:\WINDOWS\System32\win32u.dll
0x00007ff9dca00000 - 0x00007ff9dcc93000 	C:\WINDOWS\WinSxS\amd64_microsoft.windows.common-controls_6595b64144ccf1df_6.0.22621.3672_none_2713b9d173822955\COMCTL32.dll
0x00007ff9f6e30000 - 0x00007ff9f6e59000 	C:\WINDOWS\System32\GDI32.dll
0x00007ff9f67c0000 - 0x00007ff9f68d9000 	C:\WINDOWS\System32\gdi32full.dll
0x00007ff9f64d0000 - 0x00007ff9f656a000 	C:\WINDOWS\System32\msvcp_win.dll
0x00007ff9f1a70000 - 0x00007ff9f1a7a000 	C:\WINDOWS\SYSTEM32\VERSION.dll
0x00007ff9f78c0000 - 0x00007ff9f78f1000 	C:\WINDOWS\System32\IMM32.DLL
0x00007ff9f2eb0000 - 0x00007ff9f2ebc000 	C:\Program Files\Java\jdk-19\bin\vcruntime140_1.dll
0x00007ff9dc240000 - 0x00007ff9dc2ce000 	C:\Program Files\Java\jdk-19\bin\msvcp140.dll
0x00007ff993a50000 - 0x00007ff994710000 	C:\Program Files\Java\jdk-19\bin\server\jvm.dll
0x00007ff9f1740000 - 0x00007ff9f1774000 	C:\WINDOWS\SYSTEM32\WINMM.dll
0x00007ff9de710000 - 0x00007ff9de719000 	C:\WINDOWS\SYSTEM32\WSOCK32.dll
0x00007ff9f7900000 - 0x00007ff9f7971000 	C:\WINDOWS\System32\WS2_32.dll
0x00007ff9f5070000 - 0x00007ff9f5088000 	C:\WINDOWS\SYSTEM32\kernel.appcore.dll
0x00007ff9f25b0000 - 0x00007ff9f25ba000 	C:\Program Files\Java\jdk-19\bin\jimage.dll
0x00007ff9f3970000 - 0x00007ff9f3ba2000 	C:\WINDOWS\SYSTEM32\DBGHELP.DLL
0x00007ff9f71a0000 - 0x00007ff9f7528000 	C:\WINDOWS\System32\combase.dll
0x00007ff9f6b20000 - 0x00007ff9f6bf7000 	C:\WINDOWS\System32\OLEAUT32.dll
0x00007ff9eadb0000 - 0x00007ff9eade2000 	C:\WINDOWS\SYSTEM32\dbgcore.DLL
0x00007ff9f6070000 - 0x00007ff9f60eb000 	C:\WINDOWS\System32\bcryptPrimitives.dll
0x00007ff9decb0000 - 0x00007ff9decd6000 	C:\Program Files\Java\jdk-19\bin\java.dll

dbghelp: loaded successfully - version: 4.0.5 - missing functions: none
symbol engine: initialized successfully - sym options: 0x614 - pdb path: .;C:\Program Files\Java\jdk-19\bin;C:\WINDOWS\SYSTEM32;C:\Program Files\AVG\Antivirus;C:\WINDOWS\WinSxS\amd64_microsoft.windows.common-controls_6595b64144ccf1df_6.0.22621.3672_none_2713b9d173822955;C:\Program Files\Java\jdk-19\bin\server

VM Arguments:
jvm_args: -Dfile.encoding=UTF-8 --module-path=C:\Users\Det-Pc\Documents\JavaEjer\Algoritmo\build\classes 
java_command: algoritmo.Principal
java_class_path (initial): C:\Users\Det-Pc\Documents\JavaEjer\Algoritmo\build\classes
Launcher Type: SUN_STANDARD

[Global flags]
     intx CICompilerCount                          = 4                                         {product} {ergonomic}
     uint ConcGCThreads                            = 3                                         {product} {ergonomic}
     uint G1ConcRefinementThreads                  = 10                                        {product} {ergonomic}
   size_t G1HeapRegionSize                         = 2097152                                   {product} {ergonomic}
    uintx GCDrainStackTargetSize                   = 64                                        {product} {ergonomic}
   size_t InitialHeapSize                          = 268435456                                 {product} {ergonomic}
   size_t MarkStackSize                            = 4194304                                   {product} {ergonomic}
   size_t MaxHeapSize                              = 4271898624                                {product} {ergonomic}
   size_t MinHeapDeltaBytes                        = 2097152                                   {product} {ergonomic}
   size_t MinHeapSize                              = 8388608                                   {product} {ergonomic}
    uintx NonNMethodCodeHeapSize                   = 5839372                                {pd product} {ergonomic}
    uintx NonProfiledCodeHeapSize                  = 122909434                              {pd product} {ergonomic}
    uintx ProfiledCodeHeapSize                     = 122909434                              {pd product} {ergonomic}
    uintx ReservedCodeCacheSize                    = 251658240                              {pd product} {ergonomic}
     bool SegmentedCodeCache                       = true                                      {product} {ergonomic}
   size_t SoftMaxHeapSize                          = 4271898624                             {manageable} {ergonomic}
     bool UseCompressedClassPointers               = true                           {product lp64_product} {ergonomic}
     bool UseCompressedOops                        = true                           {product lp64_product} {ergonomic}
     bool UseG1GC                                  = true                                      {product} {ergonomic}
     bool UseLargePagesIndividualAllocation        = false                                  {pd product} {ergonomic}

Logging:
Log output configuration:
 #0: stdout all=warning uptime,level,tags foldmultilines=false
 #1: stderr all=off uptime,level,tags foldmultilines=false

Environment Variables:
JAVA_HOME=C:\Program Files\Eclipse Adoptium\jdk-17.0.10.7-hotspot\
CLASSPATH=%CLASSPATH%;.;C:\jade\lib\jade.jar;C:\jade\lib\commons-codec\commons-codec-1.3.jar;C:\jade\src
PATH=C:\Program Files\Eclipse Adoptium\jdk-17.0.10.7-hotspot\bin;C:\oraclexe\app\oracle\product\11.2.0\server\bin;C:\Program Files\Common Files\Oracle\Java\javapath;C:\Program Files (x86)\Common Files\Oracle\Java\java8path;C:\Program Files (x86)\Common Files\Oracle\Java\javapath;C:\Windows\system32;C:\Windows;C:\Windows\System32\Wbem;C:\Windows\System32\WindowsPowerShell\v1.0\;C:\Windows\System32\OpenSSH\;C:\Program Files (x86)\NVIDIA Corporation\PhysX\Common;C:\Program Files\NVIDIA Corporation\NVIDIA NvDLISR;C:\WINDOWS\system32;C:\WINDOWS;C:\WINDOWS\System32\Wbem;C:\WINDOWS\System32\WindowsPowerShell\v1.0\;C:\WINDOWS\System32\OpenSSH\;C:\Program Files\MySQL\MySQL Server 8.0\bin;C:\Program Files\Git\cmd;C:\xampp\php;C:\ProgramData\ComposerSetup\bin;C:\Program Files\nodejs\;C:\Program Files\dotnet\;C:\msys64\mingw64\bin;C:\Program Files\Azure Data Studio\bin;C:\Program Files (x86)\Microsoft SQL Server\160\Tools\Binn\;C:\Program Files\Microsoft SQL Server\160\Tools\Binn\;C:\Program Files\Microsoft SQL Server\Client SDK\ODBC\170\Tools\Binn\;C:\Program Files\Microsoft SQL Server\160\DTS\Binn\;C:\Program Files (x86)\Microsoft SQL Server\160\DTS\Binn\;C:\msys64\mingw64\bin;C:\Program Files\PuTTY\;C:\Program Files\MySQL\MySQL Shell 8.0\bin\;C:\Users\Det-Pc\AppData\Local\Programs\Python\Python311\Scripts\;C:\Users\Det-Pc\AppData\Local\Programs\Python\Python311\;C:\Users\Det-Pc\AppData\Local\Microsoft\WindowsApps;C:\Users\Det-Pc\AppData\Roaming\Composer\vendor\bin;C:\Users\Det-Pc\AppData\Roaming\npm;C:\src\flutter_windows_3.3.10-stable\flutter\bin;;C:\Program Files\Azure Data Studio\bin;C:\Users\Det-Pc\AppData\Local\Programs\Microsoft VS Code\bin;C:\Users\Det-Pc\AppData\Local\Coursier\data\bin;C:\Program Files\JetBrains\IntelliJ IDEA 2023.2.3\bin;
USERNAME=Det-Pc
OS=Windows_NT
PROCESSOR_IDENTIFIER=Intel64 Family 6 Model 165 Stepping 2, GenuineIntel
TMP=C:\Users\Det-Pc\AppData\Local\Temp
TEMP=C:\Users\Det-Pc\AppData\Local\Temp



---------------  S Y S T E M  ---------------

OS:
 Windows 11 , 64 bit Build 22621 (10.0.22621.3672)
OS uptime: 7 days 21:07 hours

CPU: total 12 (initial active 12) (6 cores per cpu, 2 threads per core) family 6 model 165 stepping 2 microcode 0xe0, cx8, cmov, fxsr, ht, mmx, 3dnowpref, sse, sse2, sse3, ssse3, sse4.1, sse4.2, popcnt, lzcnt, tsc, tscinvbit, avx, avx2, aes, erms, clmul, bmi1, bmi2, adx, fma, vzeroupper, clflush, clflushopt, rdtscp

Memory: 4k page, system-wide physical 16291M (4454M free)
TotalPageFile size 18339M (AvailPageFile size 217M)
current process WorkingSet (physical memory assigned to process): 12M, peak: 12M
current process commit charge ("private bytes"): 65M, peak: 321M

vm_info: Java HotSpot(TM) 64-Bit Server VM (19.0.2+7-44) for windows-amd64 JRE (19.0.2+7-44), built on 2022-11-30T18:02:09Z by "mach5one" with MS VC++ 17.1 (VS2022)

END.
